app/build/intermediates/manifest_merge_blame_file/release/processReleaseMainManifest/manifest-merger-blame-release-report.txt
1<?xml version="1.0" encoding="utf-8"?>
2<!--
3    Copyright 2019 Google Inc. All Rights Reserved.
4
5     Licensed under the Apache License, Version 2.0 (the "License");
6     you may not use this file except in compliance with the License.
7     You may obtain a copy of the License at
8
9         http://www.apache.org/licenses/LICENSE-2.0
10
11     Unless required by applicable law or agreed to in writing, software
12     distributed under the License is distributed on an "AS IS" BASIS,
13     WITHOUT WARRANTIES OR CONDITIONS OF ANY KIND, either express or implied.
14     See the License for the specific language governing permissions and
15     limitations under the License.
16-->
17<!--
18 The "package" attribute is rewritten by the Gradle build with the value of applicationId.
19     It is still required here, as it is used to derive paths, for instance when referring
20     to an Activity by ".MyActivity" instead of the full name. If more Activities are added to the
21     application, the package attribute will need to reflect the correct path in order to use
22     the abbreviated format.
23-->
24<manifest xmlns:android="http://schemas.android.com/apk/res/android"
25    package="com.tripcustomizer.twa"
26    android:versionCode="2"
27    android:versionName="1.0.0" >
28
29    <uses-sdk
30        android:minSdkVersion="21"
31        android:targetSdkVersion="36" />
32
33    <uses-permission android:name="android.permission.POST_NOTIFICATIONS" />
33-->src/main/AndroidManifest.xml:26:9-80
33-->src/main/AndroidManifest.xml:26:26-78
34    <uses-permission android:name="android.permission.ACCESS_FINE_LOCATION" />
34-->[com.google.androidbrowserhelper:locationdelegation:1.1.2] AndroidManifest.xml:7:5-79
34-->[com.google.androidbrowserhelper:locationdelegation:1.1.2] AndroidManifest.xml:7:22-76
35    <uses-permission android:name="android.permission.ACCESS_COARSE_LOCATION" />
35-->[com.google.androidbrowserhelper:locationdelegation:1.1.2] AndroidManifest.xml:8:5-81
35-->[com.google.androidbrowserhelper:locationdelegation:1.1.2] AndroidManifest.xml:8:22-78
36
37    <queries>
37-->[com.google.androidbrowserhelper:androidbrowserhelper:2.6.2] AndroidManifest.xml:22:5-30:15
38        <intent>
38-->[com.google.androidbrowserhelper:androidbrowserhelper:2.6.2] AndroidManifest.xml:23:9-29:18
39            <action android:name="android.intent.action.VIEW" />
39-->src/main/AndroidManifest.xml:144:17-68
39-->src/main/AndroidManifest.xml:144:25-66
40
41            <category android:name="android.intent.category.BROWSABLE" />
41-->src/main/AndroidManifest.xml:146:17-77
41-->src/main/AndroidManifest.xml:146:27-75
42
43            <data android:scheme="https" />
43-->src/main/AndroidManifest.xml:147:17-150:19
43-->src/main/AndroidManifest.xml:147:23-45
44        </intent>
45    </queries>
46
47    <permission
47-->[androidx.core:core:1.13.0] AndroidManifest.xml:22:5-24:47
48        android:name="com.tripcustomizer.twa.DYNAMIC_RECEIVER_NOT_EXPORTED_PERMISSION"
48-->[androidx.core:core:1.13.0] AndroidManifest.xml:23:9-81
49        android:protectionLevel="signature" />
49-->[androidx.core:core:1.13.0] AndroidManifest.xml:24:9-44
50
51    <uses-permission android:name="com.tripcustomizer.twa.DYNAMIC_RECEIVER_NOT_EXPORTED_PERMISSION" />
51-->[androidx.core:core:1.13.0] AndroidManifest.xml:26:5-97
51-->[androidx.core:core:1.13.0] AndroidManifest.xml:26:22-94
52
53    <application
53-->src/main/AndroidManifest.xml:35:5-198:19
54        android:name="com.tripcustomizer.twa.Application"
54-->src/main/AndroidManifest.xml:36:9-35
55        android:allowBackup="true"
55-->src/main/AndroidManifest.xml:37:9-35
56        android:appComponentFactory="androidx.core.app.CoreComponentFactory"
56-->[androidx.core:core:1.13.0] AndroidManifest.xml:28:18-86
57        android:extractNativeLibs="true"
58        android:icon="@mipmap/ic_launcher"
58-->src/main/AndroidManifest.xml:38:9-43
59        android:label="@string/appName"
59-->src/main/AndroidManifest.xml:39:9-40
60        android:manageSpaceActivity="com.google.androidbrowserhelper.trusted.ManageDataLauncherActivity"
60-->src/main/AndroidManifest.xml:41:9-105
61        android:supportsRtl="true"
61-->src/main/AndroidManifest.xml:43:9-35
62        android:theme="@android:style/Theme.Translucent.NoTitleBar" >
62-->src/main/AndroidManifest.xml:44:9-68
63        <meta-data
63-->src/main/AndroidManifest.xml:46:9-48:58
64            android:name="asset_statements"
64-->src/main/AndroidManifest.xml:47:13-44
65            android:resource="@string/assetStatements" />
65-->src/main/AndroidManifest.xml:48:13-55
66        <meta-data
66-->src/main/AndroidManifest.xml:52:9-54:52
67            android:name="twa_generator"
67-->src/main/AndroidManifest.xml:53:13-41
68            android:value="@string/generatorApp" />
68-->src/main/AndroidManifest.xml:54:13-49
69
70        <activity
70-->src/main/AndroidManifest.xml:61:13-72:24
71            android:name="com.google.androidbrowserhelper.trusted.ManageDataLauncherActivity"
71-->src/main/AndroidManifest.xml:61:23-104
72            android:enabled="true"
72-->src/main/AndroidManifest.xml:63:17-39
73            android:excludeFromRecents="true"
73-->src/main/AndroidManifest.xml:64:17-50
74            android:exported="false" >
74-->src/main/AndroidManifest.xml:62:17-41
75            <meta-data
75-->src/main/AndroidManifest.xml:65:17-67:57
76                android:name="android.support.customtabs.trusted.MANAGE_SPACE_URL"
76-->src/main/AndroidManifest.xml:66:21-87
77                android:value="@string/launchUrl" />
77-->src/main/AndroidManifest.xml:67:21-54
78
79            <intent-filter>
79-->src/main/AndroidManifest.xml:68:17-71:33
80                <action android:name="android.intent.action.APPLICATION_PREFERENCES" />
80-->src/main/AndroidManifest.xml:69:21-92
80-->src/main/AndroidManifest.xml:69:29-89
81
82                <category android:name="android.intent.category.DEFAULT" />
82-->src/main/AndroidManifest.xml:70:21-80
82-->src/main/AndroidManifest.xml:70:31-77
83            </intent-filter>
84        </activity>
85        <activity
85-->src/main/AndroidManifest.xml:75:9-156:20
86            android:name="com.tripcustomizer.twa.LauncherActivity"
86-->src/main/AndroidManifest.xml:75:19-50
87            android:alwaysRetainTaskState="true"
87-->src/main/AndroidManifest.xml:76:13-49
88            android:exported="true"
88-->src/main/AndroidManifest.xml:78:13-36
89            android:label="@string/launcherName" >
89-->src/main/AndroidManifest.xml:77:13-49
90            <meta-data
90-->src/main/AndroidManifest.xml:79:13-80:53
91                android:name="android.support.customtabs.trusted.DEFAULT_URL"
91-->src/main/AndroidManifest.xml:79:24-85
92                android:value="@string/launchUrl" />
92-->src/main/AndroidManifest.xml:80:17-50
93            <meta-data
93-->src/main/AndroidManifest.xml:82:13-84:58
94                android:name="android.support.customtabs.trusted.STATUS_BAR_COLOR"
94-->src/main/AndroidManifest.xml:83:17-83
95                android:resource="@color/colorPrimary" />
95-->src/main/AndroidManifest.xml:84:17-55
96            <meta-data
96-->src/main/AndroidManifest.xml:88:13-90:62
97                android:name="android.support.customtabs.trusted.STATUS_BAR_COLOR_DARK"
97-->src/main/AndroidManifest.xml:89:17-88
98                android:resource="@color/colorPrimaryDark" />
98-->src/main/AndroidManifest.xml:90:17-59
99            <meta-data
99-->src/main/AndroidManifest.xml:92:13-94:61
100                android:name="android.support.customtabs.trusted.NAVIGATION_BAR_COLOR"
100-->src/main/AndroidManifest.xml:93:17-87
101                android:resource="@color/navigationColor" />
101-->src/main/AndroidManifest.xml:94:17-58
102            <meta-data
102-->src/main/AndroidManifest.xml:96:13-98:65
103                android:name="android.support.customtabs.trusted.NAVIGATION_BAR_COLOR_DARK"
103-->src/main/AndroidManifest.xml:97:17-92
104                android:resource="@color/navigationColorDark" />
104-->src/main/AndroidManifest.xml:98:17-62
105            <meta-data
105-->src/main/AndroidManifest.xml:100:13-102:68
106                android:name="androix.browser.trusted.NAVIGATION_BAR_DIVIDER_COLOR"
106-->src/main/AndroidManifest.xml:101:17-84
107                android:resource="@color/navigationDividerColor" />
107-->src/main/AndroidManifest.xml:102:17-65
108            <meta-data
108-->src/main/AndroidManifest.xml:104:13-106:72
109                android:name="androix.browser.trusted.NAVIGATION_BAR_DIVIDER_COLOR_DARK"
109-->src/main/AndroidManifest.xml:105:17-89
110                android:resource="@color/navigationDividerColorDark" />
110-->src/main/AndroidManifest.xml:106:17-69
111            <meta-data
111-->src/main/AndroidManifest.xml:108:13-109:54
112                android:name="android.support.customtabs.trusted.SPLASH_IMAGE_DRAWABLE"
112-->src/main/AndroidManifest.xml:108:24-95
113                android:resource="@drawable/splash" />
113-->src/main/AndroidManifest.xml:109:17-52
114            <meta-data
114-->src/main/AndroidManifest.xml:111:13-112:60
115                android:name="android.support.customtabs.trusted.SPLASH_SCREEN_BACKGROUND_COLOR"
115-->src/main/AndroidManifest.xml:111:24-104
116                android:resource="@color/backgroundColor" />
116-->src/main/AndroidManifest.xml:112:17-58
117            <meta-data
117-->src/main/AndroidManifest.xml:114:13-115:71
118                android:name="android.support.customtabs.trusted.SPLASH_SCREEN_FADE_OUT_DURATION"
118-->src/main/AndroidManifest.xml:114:24-105
119                android:value="@integer/splashScreenFadeOutDuration" />
119-->src/main/AndroidManifest.xml:115:17-69
120            <meta-data
120-->src/main/AndroidManifest.xml:117:13-118:60
121                android:name="android.support.customtabs.trusted.FILE_PROVIDER_AUTHORITY"
121-->src/main/AndroidManifest.xml:117:24-97
122                android:value="@string/providerAuthority" />
122-->src/main/AndroidManifest.xml:118:17-58
123            <meta-data
123-->src/main/AndroidManifest.xml:120:13-97
124                android:name="android.app.shortcuts"
124-->src/main/AndroidManifest.xml:120:24-60
125                android:resource="@xml/shortcuts" />
125-->src/main/AndroidManifest.xml:120:61-94
126            <meta-data
126-->src/main/AndroidManifest.xml:122:13-123:56
127                android:name="android.support.customtabs.trusted.FALLBACK_STRATEGY"
127-->src/main/AndroidManifest.xml:122:24-91
128                android:value="@string/fallbackType" />
128-->src/main/AndroidManifest.xml:123:17-53
129            <meta-data
129-->src/main/AndroidManifest.xml:129:13-130:54
130                android:name="android.support.customtabs.trusted.SCREEN_ORIENTATION"
130-->src/main/AndroidManifest.xml:129:24-92
131                android:value="@string/orientation" />
131-->src/main/AndroidManifest.xml:130:17-52
132
133            <intent-filter>
133-->src/main/AndroidManifest.xml:138:13-141:29
134                <action android:name="android.intent.action.MAIN" />
134-->src/main/AndroidManifest.xml:139:17-69
134-->src/main/AndroidManifest.xml:139:25-66
135
136                <category android:name="android.intent.category.LAUNCHER" />
136-->src/main/AndroidManifest.xml:140:17-77
136-->src/main/AndroidManifest.xml:140:27-74
137            </intent-filter>
138            <intent-filter android:autoVerify="true" >
138-->src/main/AndroidManifest.xml:143:13-151:29
138-->src/main/AndroidManifest.xml:143:28-53
139                <action android:name="android.intent.action.VIEW" />
139-->src/main/AndroidManifest.xml:144:17-68
139-->src/main/AndroidManifest.xml:144:25-66
140
141                <category android:name="android.intent.category.DEFAULT" />
141-->src/main/AndroidManifest.xml:70:21-80
141-->src/main/AndroidManifest.xml:70:31-77
142                <category android:name="android.intent.category.BROWSABLE" />
142-->src/main/AndroidManifest.xml:146:17-77
142-->src/main/AndroidManifest.xml:146:27-75
143
144                <data
144-->src/main/AndroidManifest.xml:147:17-150:19
145                    android:host="@string/hostName"
145-->src/main/AndroidManifest.xml:148:21-52
146                    android:scheme="https" />
146-->src/main/AndroidManifest.xml:147:23-45
147            </intent-filter>
148        </activity>
149        <activity android:name="com.google.androidbrowserhelper.trusted.FocusActivity" />
149-->src/main/AndroidManifest.xml:158:9-90
149-->src/main/AndroidManifest.xml:158:19-87
150        <activity
150-->src/main/AndroidManifest.xml:160:9-161:62
151            android:name="com.google.androidbrowserhelper.trusted.WebViewFallbackActivity"
151-->src/main/AndroidManifest.xml:160:19-97
152            android:configChanges="orientation|screenSize" />
152-->src/main/AndroidManifest.xml:161:13-59
153
154        <provider
154-->src/main/AndroidManifest.xml:163:9-171:20
155            android:name="androidx.core.content.FileProvider"
155-->src/main/AndroidManifest.xml:164:13-62
156            android:authorities="@string/providerAuthority"
156-->src/main/AndroidManifest.xml:165:13-60
157            android:exported="false"
157-->src/main/AndroidManifest.xml:167:13-37
158            android:grantUriPermissions="true" >
158-->src/main/AndroidManifest.xml:166:13-47
159            <meta-data
159-->src/main/AndroidManifest.xml:168:13-170:53
160                android:name="android.support.FILE_PROVIDER_PATHS"
160-->src/main/AndroidManifest.xml:169:17-67
161                android:resource="@xml/filepaths" />
161-->src/main/AndroidManifest.xml:170:17-50
162        </provider>
163
164        <service
164-->src/main/AndroidManifest.xml:173:9-188:19
165            android:name="com.tripcustomizer.twa.DelegationService"
165-->src/main/AndroidManifest.xml:174:13-46
166            android:enabled="@bool/enableNotification"
166-->src/main/AndroidManifest.xml:175:13-55
167            android:exported="@bool/enableNotification" >
167-->src/main/AndroidManifest.xml:176:13-56
168            <meta-data
168-->src/main/AndroidManifest.xml:179:17-181:73
169                android:name="android.support.customtabs.trusted.SMALL_ICON"
169-->src/main/AndroidManifest.xml:180:21-81
170                android:resource="@drawable/ic_notification_icon" />
170-->src/main/AndroidManifest.xml:181:21-70
171
172            <intent-filter>
172-->src/main/AndroidManifest.xml:184:13-187:29
173                <action android:name="android.support.customtabs.trusted.TRUSTED_WEB_ACTIVITY_SERVICE" />
173-->src/main/AndroidManifest.xml:185:17-105
173-->src/main/AndroidManifest.xml:185:25-103
174
175                <category android:name="android.intent.category.DEFAULT" />
175-->src/main/AndroidManifest.xml:70:21-80
175-->src/main/AndroidManifest.xml:70:31-77
176            </intent-filter>
177        </service>
178
179        <activity android:name="com.google.androidbrowserhelper.trusted.NotificationPermissionRequestActivity" />
179-->src/main/AndroidManifest.xml:191:13-118
179-->src/main/AndroidManifest.xml:191:23-115
180        <activity android:name="com.google.androidbrowserhelper.locationdelegation.PermissionRequestActivity" />
180-->src/main/AndroidManifest.xml:195:13-196:89
180-->src/main/AndroidManifest.xml:195:23-123
181        <activity
181-->[com.google.android.gms:play-services-base:18.1.0] AndroidManifest.xml:20:9-22:45
182            android:name="com.google.android.gms.common.api.GoogleApiActivity"
182-->[com.google.android.gms:play-services-base:18.1.0] AndroidManifest.xml:20:19-85
183            android:exported="false"
183-->[com.google.android.gms:play-services-base:18.1.0] AndroidManifest.xml:22:19-43
184            android:theme="@android:style/Theme.Translucent.NoTitleBar" />
184-->[com.google.android.gms:play-services-base:18.1.0] AndroidManifest.xml:21:19-78
185
186        <meta-data
186-->[com.google.android.gms:play-services-basement:18.1.0] AndroidManifest.xml:21:9-23:69
187            android:name="com.google.android.gms.version"
187-->[com.google.android.gms:play-services-basement:18.1.0] AndroidManifest.xml:22:13-58
188            android:value="@integer/google_play_services_version" />
188-->[com.google.android.gms:play-services-basement:18.1.0] AndroidManifest.xml:23:13-66
189
190        <provider
190-->[androidx.emoji2:emoji2:1.3.0] AndroidManifest.xml:24:9-32:20
191            android:name="androidx.startup.InitializationProvider"
191-->[androidx.emoji2:emoji2:1.3.0] AndroidManifest.xml:25:13-67
192            android:authorities="com.tripcustomizer.twa.androidx-startup"
192-->[androidx.emoji2:emoji2:1.3.0] AndroidManifest.xml:26:13-68
193            android:exported="false" >
193-->[androidx.emoji2:emoji2:1.3.0] AndroidManifest.xml:27:13-37
194            <meta-data
194-->[androidx.emoji2:emoji2:1.3.0] AndroidManifest.xml:29:13-31:52
195                android:name="androidx.emoji2.text.EmojiCompatInitializer"
195-->[androidx.emoji2:emoji2:1.3.0] AndroidManifest.xml:30:17-75
196                android:value="androidx.startup" />
196-->[androidx.emoji2:emoji2:1.3.0] AndroidManifest.xml:31:17-49
197            <meta-data
197-->[androidx.lifecycle:lifecycle-process:2.6.2] AndroidManifest.xml:29:13-31:52
198                android:name="androidx.lifecycle.ProcessLifecycleInitializer"
198-->[androidx.lifecycle:lifecycle-process:2.6.2] AndroidManifest.xml:30:17-78
199                android:value="androidx.startup" />
199-->[androidx.lifecycle:lifecycle-process:2.6.2] AndroidManifest.xml:31:17-49
200            <meta-data
200-->[androidx.profileinstaller:profileinstaller:1.3.1] AndroidManifest.xml:29:13-31:52
201                android:name="androidx.profileinstaller.ProfileInstallerInitializer"
201-->[androidx.profileinstaller:profileinstaller:1.3.1] AndroidManifest.xml:30:17-85
202                android:value="androidx.startup" />
202-->[androidx.profileinstaller:profileinstaller:1.3.1] AndroidManifest.xml:31:17-49
203        </provider>
204
205        <receiver
205-->[androidx.profileinstaller:profileinstaller:1.3.1] AndroidManifest.xml:34:9-52:20
206            android:name="androidx.profileinstaller.ProfileInstallReceiver"
206-->[androidx.profileinstaller:profileinstaller:1.3.1] AndroidManifest.xml:35:13-76
207            android:directBootAware="false"
207-->[androidx.profileinstaller:profileinstaller:1.3.1] AndroidManifest.xml:36:13-44
208            android:enabled="true"
208-->[androidx.profileinstaller:profileinstaller:1.3.1] AndroidManifest.xml:37:13-35
209            android:exported="true"
209-->[androidx.profileinstaller:profileinstaller:1.3.1] AndroidManifest.xml:38:13-36
210            android:permission="android.permission.DUMP" >
210-->[androidx.profileinstaller:profileinstaller:1.3.1] AndroidManifest.xml:39:13-57
211            <intent-filter>
211-->[androidx.profileinstaller:profileinstaller:1.3.1] AndroidManifest.xml:40:13-42:29
212                <action android:name="androidx.profileinstaller.action.INSTALL_PROFILE" />
212-->[androidx.profileinstaller:profileinstaller:1.3.1] AndroidManifest.xml:41:17-91
212-->[androidx.profileinstaller:profileinstaller:1.3.1] AndroidManifest.xml:41:25-88
213            </intent-filter>
214            <intent-filter>
214-->[androidx.profileinstaller:profileinstaller:1.3.1] AndroidManifest.xml:43:13-45:29
215                <action android:name="androidx.profileinstaller.action.SKIP_FILE" />
215-->[androidx.profileinstaller:profileinstaller:1.3.1] AndroidManifest.xml:44:17-85
215-->[androidx.profileinstaller:profileinstaller:1.3.1] AndroidManifest.xml:44:25-82
216            </intent-filter>
217            <intent-filter>
217-->[androidx.profileinstaller:profileinstaller:1.3.1] AndroidManifest.xml:46:13-48:29
218                <action android:name="androidx.profileinstaller.action.SAVE_PROFILE" />
218-->[androidx.profileinstaller:profileinstaller:1.3.1] AndroidManifest.xml:47:17-88
218-->[androidx.profileinstaller:profileinstaller:1.3.1] AndroidManifest.xml:47:25-85
219            </intent-filter>
220            <intent-filter>
220-->[androidx.profileinstaller:profileinstaller:1.3.1] AndroidManifest.xml:49:13-51:29
221                <action android:name="androidx.profileinstaller.action.BENCHMARK_OPERATION" />
221-->[androidx.profileinstaller:profileinstaller:1.3.1] AndroidManifest.xml:50:17-95
221-->[androidx.profileinstaller:profileinstaller:1.3.1] AndroidManifest.xml:50:25-92
222            </intent-filter>
223        </receiver>
224    </application>
225
226</manifest>